#
# There is insufficient memory for the Java Runtime Environment to continue.
# Native memory allocation (malloc) failed to allocate 1395776 bytes for Chunk::new
# Possible reasons:
#   The system is out of physical RAM or swap space
#   In 32 bit mode, the process size limit was hit
# Possible solutions:
#   Reduce memory load on the system
#   Increase physical memory or swap space
#   Check if swap backing store is full
#   Use 64 bit Java on a 64 bit OS
#   Decrease Java heap size (-Xmx/-Xms)
#   Decrease number of Java threads
#   Decrease Java thread stack sizes (-Xss)
#   Set larger code cache with -XX:ReservedCodeCacheSize=
# This output file may be truncated or incomplete.
#
#  Out of Memory Error (allocation.cpp:390), pid=4400, tid=5008
#
# JRE version: Java(TM) SE Runtime Environment (8.0_74-b02) (build 1.8.0_74-b02)
# Java VM: Java HotSpot(TM) 64-Bit Server VM (25.74-b02 mixed mode windows-amd64 compressed oops)
# Failed to write core dump. Minidumps are not enabled by default on client versions of Windows
#

---------------  T H R E A D  ---------------

Current thread (0x000000001512e000):  JavaThread "C2 CompilerThread1" daemon [_thread_in_native, id=5008, stack(0x0000000016830000,0x0000000016930000)]

Stack: [0x0000000016830000,0x0000000016930000]
[error occurred during error reporting (printing stack bounds), id 0xc0000005]

Native frames: (J=compiled Java code, j=interpreted, Vv=VM code, C=native code)


Current CompileTask:
C2:  17756 1634       4       com.android.dx.cf.code.Simulator$SimVisitor::visitConstant (332 bytes)


---------------  P R O C E S S  ---------------

Java Threads: ( => current thread )
  0x0000000016b73000 JavaThread "pool-2-thread-4" [_thread_in_Java, id=8884, stack(0x0000000017430000,0x0000000017530000)]
  0x0000000016b6f800 JavaThread "pool-2-thread-2" [_thread_in_Java, id=9660, stack(0x0000000017230000,0x0000000017330000)]
  0x0000000016a54000 JavaThread "pool-3-thread-1" [_thread_blocked, id=12168, stack(0x0000000017130000,0x0000000017230000)]
  0x0000000016a48000 JavaThread "pool-2-thread-1" [_thread_in_Java, id=9352, stack(0x0000000017030000,0x0000000017130000)]
  0x0000000016935000 JavaThread "Service Thread" daemon [_thread_blocked, id=6496, stack(0x0000000016e30000,0x0000000016f30000)]
  0x000000001513e000 JavaThread "C1 CompilerThread2" daemon [_thread_blocked, id=860, stack(0x0000000016d30000,0x0000000016e30000)]
=>0x000000001512e000 JavaThread "C2 CompilerThread1" daemon [_thread_in_native, id=5008, stack(0x0000000016830000,0x0000000016930000)]
  0x00000000150dc800 JavaThread "C2 CompilerThread0" daemon [_thread_in_native, id=5976, stack(0x0000000016730000,0x0000000016830000)]
  0x00000000150da800 JavaThread "Attach Listener" daemon [_thread_blocked, id=8804, stack(0x0000000016630000,0x0000000016730000)]
  0x00000000150d9800 JavaThread "Signal Dispatcher" daemon [_thread_blocked, id=8548, stack(0x0000000016530000,0x0000000016630000)]
  0x00000000150ca800 JavaThread "Finalizer" daemon [_thread_blocked, id=12232, stack(0x0000000016340000,0x0000000016440000)]
  0x00000000029ff000 JavaThread "Reference Handler" daemon [_thread_blocked, id=1156, stack(0x0000000016240000,0x0000000016340000)]
  0x000000000280d800 JavaThread "main" [_thread_blocked, id=10256, stack(0x0000000002630000,0x0000000002730000)]

Other Threads:
  0x00000000150a8000 VMThread [stack: 0x0000000016140000,0x0000000016240000] [id=5368]
  0x0000000016949000 WatcherThread [stack: 0x0000000016f30000,0x0000000017030000] [id=3732]

VM state:not at safepoint (normal execution)

VM Mutex/Monitor currently owned by a thread: None

Heap:
 PSYoungGen      total 71680K, used 66503K [0x00000000eab00000, 0x00000000ef600000, 0x0000000100000000)
  eden space 66560K, 92% used [0x00000000eab00000,0x00000000ee6f75d8,0x00000000eec00000)
  from space 5120K, 99% used [0x00000000eec00000,0x00000000ef0fa6b0,0x00000000ef100000)
  to   space 5120K, 0% used [0x00000000ef100000,0x00000000ef100000,0x00000000ef600000)
 ParOldGen       total 87552K, used 40598K [0x00000000c0000000, 0x00000000c5580000, 0x00000000eab00000)
  object space 87552K, 46% used [0x00000000c0000000,0x00000000c27a5920,0x00000000c5580000)
 Metaspace       used 5940K, capacity 7024K, committed 7296K, reserved 1056768K
  class space    used 592K, capacity 616K, committed 640K, reserved 1048576K

Card table byte_map: [0x0000000011dd0000,0x0000000011fe0000] byte_map_base: 0x00000000117d0000

Marking Bits: (ParMarkBitMap*) 0x0000000051090600
 Begin Bits: [0x0000000012540000, 0x0000000013540000)
 End Bits:   [0x0000000013540000, 0x0000000014540000)

Polling page: 0x0000000000e30000

CodeCache: size=245760Kb used=8000Kb max_used=8014Kb free=237759Kb
 bounds [0x0000000002a10000, 0x00000000031f0000, 0x0000000011a10000]
 total_blobs=1872 nmethods=1610 adapters=175
 compilation: enabled

Compilation events (10 events):
Event: 17.695 Thread 0x00000000150dc800 nmethod 1644 0x0000000003130790 code [0x00000000031308c0, 0x0000000003130938]
Event: 17.708 Thread 0x000000001513e000 1645       1       com.android.dx.util.Bits::makeBitSet (11 bytes)
Event: 17.708 Thread 0x000000001513e000 nmethod 1645 0x00000000031aee90 code [0x00000000031aefe0, 0x00000000031af150]
Event: 17.711 Thread 0x000000001513e000 1646       3       com.android.dx.cf.code.SwitchList::removeSuperfluousDefaults (149 bytes)
Event: 17.712 Thread 0x000000001513e000 nmethod 1646 0x00000000031dfe10 code [0x00000000031e0040, 0x00000000031e0cb8]
Event: 17.713 Thread 0x00000000150dc800 1647       4       com.android.dx.cf.code.BasicBlocker::visitLocal (34 bytes)
Event: 17.716 Thread 0x00000000150dc800 nmethod 1647 0x00000000031ded50 code [0x00000000031deea0, 0x00000000031df018]
Event: 17.716 Thread 0x00000000150dc800 1649       4       com.android.dx.rop.cst.TypedConstant::getBasicFrameType (8 bytes)
Event: 17.717 Thread 0x00000000150dc800 nmethod 1649 0x0000000003186910 code [0x0000000003186a60, 0x0000000003186b18]
Event: 17.717 Thread 0x00000000150dc800 1648       4       com.android.dx.cf.code.BasicBlocker::visitConstant (39 bytes)

GC Heap History (6 events):
Event: 11.148 GC heap before
{Heap before GC invocations=1 (full 0):
 PSYoungGen      total 38400K, used 33280K [0x00000000eab00000, 0x00000000ed580000, 0x0000000100000000)
  eden space 33280K, 100% used [0x00000000eab00000,0x00000000ecb80000,0x00000000ecb80000)
  from space 5120K, 0% used [0x00000000ed080000,0x00000000ed080000,0x00000000ed580000)
  to   space 5120K, 0% used [0x00000000ecb80000,0x00000000ecb80000,0x00000000ed080000)
 ParOldGen       total 87552K, used 0K [0x00000000c0000000, 0x00000000c5580000, 0x00000000eab00000)
  object space 87552K, 0% used [0x00000000c0000000,0x00000000c0000000,0x00000000c5580000)
 Metaspace       used 5741K, capacity 6832K, committed 7040K, reserved 1056768K
  class space    used 584K, capacity 616K, committed 640K, reserved 1048576K
Event: 11.294 GC heap after
Heap after GC invocations=1 (full 0):
 PSYoungGen      total 38400K, used 5088K [0x00000000eab00000, 0x00000000ef600000, 0x0000000100000000)
  eden space 33280K, 0% used [0x00000000eab00000,0x00000000eab00000,0x00000000ecb80000)
  from space 5120K, 99% used [0x00000000ecb80000,0x00000000ed0781b0,0x00000000ed080000)
  to   space 5120K, 0% used [0x00000000ef100000,0x00000000ef100000,0x00000000ef600000)
 ParOldGen       total 87552K, used 4000K [0x00000000c0000000, 0x00000000c5580000, 0x00000000eab00000)
  object space 87552K, 4% used [0x00000000c0000000,0x00000000c03e8398,0x00000000c5580000)
 Metaspace       used 5741K, capacity 6832K, committed 7040K, reserved 1056768K
  class space    used 584K, capacity 616K, committed 640K, reserved 1048576K
}
Event: 12.617 GC heap before
{Heap before GC invocations=2 (full 0):
 PSYoungGen      total 38400K, used 38368K [0x00000000eab00000, 0x00000000ef600000, 0x0000000100000000)
  eden space 33280K, 100% used [0x00000000eab00000,0x00000000ecb80000,0x00000000ecb80000)
  from space 5120K, 99% used [0x00000000ecb80000,0x00000000ed0781b0,0x00000000ed080000)
  to   space 5120K, 0% used [0x00000000ef100000,0x00000000ef100000,0x00000000ef600000)
 ParOldGen       total 87552K, used 4000K [0x00000000c0000000, 0x00000000c5580000, 0x00000000eab00000)
  object space 87552K, 4% used [0x00000000c0000000,0x00000000c03e8398,0x00000000c5580000)
 Metaspace       used 5760K, capacity 6896K, committed 7040K, reserved 1056768K
  class space    used 584K, capacity 616K, committed 640K, reserved 1048576K
Event: 12.849 GC heap after
Heap after GC invocations=2 (full 0):
 PSYoungGen      total 71680K, used 5108K [0x00000000eab00000, 0x00000000ef600000, 0x0000000100000000)
  eden space 66560K, 0% used [0x00000000eab00000,0x00000000eab00000,0x00000000eec00000)
  from space 5120K, 99% used [0x00000000ef100000,0x00000000ef5fd1b0,0x00000000ef600000)
  to   space 5120K, 0% used [0x00000000eec00000,0x00000000eec00000,0x00000000ef100000)
 ParOldGen       total 87552K, used 19910K [0x00000000c0000000, 0x00000000c5580000, 0x00000000eab00000)
  object space 87552K, 22% used [0x00000000c0000000,0x00000000c1371878,0x00000000c5580000)
 Metaspace       used 5760K, capacity 6896K, committed 7040K, reserved 1056768K
  class space    used 584K, capacity 616K, committed 640K, reserved 1048576K
}
Event: 16.035 GC heap before
{Heap before GC invocations=3 (full 0):
 PSYoungGen      total 71680K, used 71668K [0x00000000eab00000, 0x00000000ef600000, 0x0000000100000000)
  eden space 66560K, 100% used [0x00000000eab00000,0x00000000eec00000,0x00000000eec00000)
  from space 5120K, 99% used [0x00000000ef100000,0x00000000ef5fd1b0,0x00000000ef600000)
  to   space 5120K, 0% used [0x00000000eec00000,0x00000000eec00000,0x00000000ef100000)
 ParOldGen       total 87552K, used 19910K [0x00000000c0000000, 0x00000000c5580000, 0x00000000eab00000)
  object space 87552K, 22% used [0x00000000c0000000,0x00000000c1371878,0x00000000c5580000)
 Metaspace       used 5907K, capacity 7024K, committed 7296K, reserved 1056768K
  class space    used 591K, capacity 616K, committed 640K, reserved 1048576K
Event: 16.204 GC heap after
Heap after GC invocations=3 (full 0):
 PSYoungGen      total 71680K, used 5097K [0x00000000eab00000, 0x00000000ef600000, 0x0000000100000000)
  eden space 66560K, 0% used [0x00000000eab00000,0x00000000eab00000,0x00000000eec00000)
  from space 5120K, 99% used [0x00000000eec00000,0x00000000ef0fa6b0,0x00000000ef100000)
  to   space 5120K, 0% used [0x00000000ef100000,0x00000000ef100000,0x00000000ef600000)
 ParOldGen       total 87552K, used 40598K [0x00000000c0000000, 0x00000000c5580000, 0x00000000eab00000)
  object space 87552K, 46% used [0x00000000c0000000,0x00000000c27a5920,0x00000000c5580000)
 Metaspace       used 5907K, capacity 7024K, committed 7296K, reserved 1056768K
  class space    used 591K, capacity 616K, committed 640K, reserved 1048576K
}

Deoptimization events (10 events):
Event: 14.872 Thread 0x0000000016a48000 Uncommon trap: reason=class_check action=maybe_recompile pc=0x0000000002e252b8 method=com.android.dx.ssa.NormalSsaInsn.accept(Lcom/android/dx/ssa/SsaInsn$Visitor;)V @ 9
Event: 14.874 Thread 0x0000000016a48000 Uncommon trap: reason=class_check action=maybe_recompile pc=0x0000000002e252b8 method=com.android.dx.ssa.NormalSsaInsn.accept(Lcom/android/dx/ssa/SsaInsn$Visitor;)V @ 9
Event: 16.664 Thread 0x0000000016b71800 Uncommon trap: reason=unstable_if action=reinterpret pc=0x0000000003131aec method=com.android.dx.ssa.back.IdenticalBlockCombiner.process()Lcom/android/dx/rop/code/RopMethod; @ 207
Event: 16.679 Thread 0x0000000016b6f800 Uncommon trap: reason=unstable_if action=reinterpret pc=0x00000000030373cc method=com.android.dx.rop.code.RegisterSpecSet.localItemToSpec(Lcom/android/dx/rop/code/LocalItem;)Lcom/android/dx/rop/code/RegisterSpec; @ 35
Event: 16.710 Thread 0x0000000016b6f800 Uncommon trap: reason=class_check action=maybe_recompile pc=0x000000000310784c method=com.android.dx.cf.code.RopperMachine.run(Lcom/android/dx/cf/code/Frame;II)V @ 988
Event: 16.713 Thread 0x0000000016b6f800 Uncommon trap: reason=unstable_if action=reinterpret pc=0x0000000003041acc method=com.android.dx.ssa.SCCP.simulateStmt(Lcom/android/dx/ssa/SsaInsn;)V @ 469
Event: 16.718 Thread 0x0000000016b6f800 Uncommon trap: reason=unstable_if action=reinterpret pc=0x0000000003144228 method=com.android.dx.dex.code.RopTranslator.getRegs(Lcom/android/dx/rop/code/Insn;Lcom/android/dx/rop/code/RegisterSpec;)Lcom/android/dx/rop/code/RegisterSpecList; @ 12
Event: 17.004 Thread 0x0000000016b71800 Uncommon trap: reason=unstable_if action=reinterpret pc=0x0000000003082df8 method=com.android.dx.util.BitIntSet.has(I)Z @ 8
Event: 17.204 Thread 0x0000000016b71800 Uncommon trap: reason=class_check action=maybe_recompile pc=0x00000000030dc4e0 method=com.android.dx.rop.code.DexTranslationAdvice.hasConstantOperation(Lcom/android/dx/rop/code/Rop;Lcom/android/dx/rop/code/RegisterSpec;Lcom/android/dx/rop/code/RegisterSpec<¿ô/¯|1@
Event: 17.488 Thread 0x0000000016b6f800 Uncommon trap: reason=unstable_if action=reinterpret pc=0x0000000002fa4c98 method=com.android.dx.ssa.SsaRenamer$BlockRenamer.process()V @ 90

Internal exceptions (3 events):
Event: 4.421 Thread 0x000000000280d800 Exception <a 'java/lang/NoSuchMethodError': Method sun.misc.Unsafe.defineClass(Ljava/lang/String;[BII)Ljava/lang/Class; name or signature does not match> (0x00000000eab07cc0) thrown at [C:\re\workspace\8-2-build-windows-amd64-cygwin\jdk8u74\6087\hotspot\sr%Aù£ÁÆ@
Event: 4.421 Thread 0x000000000280d800 Exception <a 'java/lang/NoSuchMethodError': Method sun.misc.Unsafe.prefetchRead(Ljava/lang/Object;J)V name or signature does not match> (0x00000000eab07fa8) thrown at [C:\re\workspace\8-2-build-windows-amd64-cygwin\jdk8u74\6087\hotspot\src\share\vm\prims\j˙ˆıü=#@
Event: 9.620 Thread 0x0000000016b71800 Implicit null exception at 0x0000000002d1ca6a to 0x0000000002d1e5f5

Events (10 events):
Event: 17.524 Thread 0x0000000016b6f800 DEOPT UNPACKING pc=0x0000000002a5787f sp=0x000000001732eb40 mode 0
Event: 17.580 loading class java/util/HashMap$KeySet
Event: 17.581 loading class java/util/HashMap$KeySet done
Event: 17.581 loading class java/util/HashMap$KeyIterator
Event: 17.581 loading class java/util/HashMap$KeyIterator done
Event: 17.586 Thread 0x0000000016b71800 DEOPT PACKING pc=0x0000000002e0cb41 sp=0x000000001742ed50
Event: 17.586 Thread 0x0000000016b71800 DEOPT UNPACKING pc=0x0000000002a5787f sp=0x000000001742ea98 mode 0
Event: 17.606 Thread 0x0000000016b71800 DEOPT PACKING pc=0x0000000003102123 sp=0x000000001742ece0
Event: 17.606 Thread 0x0000000016b71800 DEOPT UNPACKING pc=0x0000000002a5787f sp=0x000000001742e9d8 mode 0
Event: 17.611 Thread 0x0000000016b71800 Thread exited: 0x0000000016b71800


Dynamic libraries:
0x00007ff7aa4d0000 - 0x00007ff7aa507000 	C:\Program Files\Java\jdk1.8.0_74\bin\java.exe
0x00007ffdf3120000 - 0x00007ffdf32f1000 	C:\WINDOWS\SYSTEM32\ntdll.dll
0x00007ffdf07a0000 - 0x00007ffdf084c000 	C:\WINDOWS\System32\KERNEL32.DLL
0x00007ffdf0430000 - 0x00007ffdf064d000 	C:\WINDOWS\System32\KERNELBASE.dll
0x00007ffdf13f0000 - 0x00007ffdf1492000 	C:\WINDOWS\System32\ADVAPI32.dll
0x00007ffdf0d60000 - 0x00007ffdf0dfe000 	C:\WINDOWS\System32\msvcrt.dll
0x00007ffdf1750000 - 0x00007ffdf17a9000 	C:\WINDOWS\System32\sechost.dll
0x00007ffdf2e70000 - 0x00007ffdf2f91000 	C:\WINDOWS\System32\RPCRT4.dll
0x00007ffdf2fb0000 - 0x00007ffdf3115000 	C:\WINDOWS\System32\USER32.dll
0x00007ffdefdf0000 - 0x00007ffdefe0e000 	C:\WINDOWS\System32\win32u.dll
0x00007ffdf0e60000 - 0x00007ffdf0e94000 	C:\WINDOWS\System32\GDI32.dll
0x00007ffdefe80000 - 0x00007ffdf0002000 	C:\WINDOWS\System32\gdi32full.dll
0x00007ffde4730000 - 0x00007ffde49aa000 	C:\WINDOWS\WinSxS\amd64_microsoft.windows.common-controls_6595b64144ccf1df_6.0.14393.953_none_42151e83c686086b\COMCTL32.dll
0x00007ffdf0ea0000 - 0x00007ffdf1168000 	C:\WINDOWS\System32\combase.dll
0x00007ffdefcf0000 - 0x00007ffdefde5000 	C:\WINDOWS\System32\ucrtbase.dll
0x00007ffdefe10000 - 0x00007ffdefe7a000 	C:\WINDOWS\System32\bcryptPrimitives.dll
0x00007ffdf0770000 - 0x00007ffdf079e000 	C:\WINDOWS\System32\IMM32.DLL
0x0000000051220000 - 0x00000000512f2000 	C:\Program Files\Java\jdk1.8.0_74\jre\bin\msvcr100.dll
0x0000000050880000 - 0x0000000051110000 	C:\Program Files\Java\jdk1.8.0_74\jre\bin\server\jvm.dll
0x00007ffdf0c80000 - 0x00007ffdf0c88000 	C:\WINDOWS\System32\PSAPI.DLL
0x00007ffde61f0000 - 0x00007ffde61f9000 	C:\WINDOWS\SYSTEM32\WSOCK32.dll
0x00007ffdf14a0000 - 0x00007ffdf150a000 	C:\WINDOWS\System32\WS2_32.dll
0x00007ffdeda30000 - 0x00007ffdeda53000 	C:\WINDOWS\SYSTEM32\WINMM.dll
0x00007ffde1db0000 - 0x00007ffde1dba000 	C:\WINDOWS\SYSTEM32\VERSION.dll
0x00007ffded9d0000 - 0x00007ffded9fb000 	C:\WINDOWS\SYSTEM32\WINMMBASE.dll
0x00007ffdf0010000 - 0x00007ffdf0052000 	C:\WINDOWS\System32\cfgmgr32.dll
0x0000000050870000 - 0x000000005087f000 	C:\Program Files\Java\jdk1.8.0_74\jre\bin\verify.dll
0x0000000050840000 - 0x0000000050869000 	C:\Program Files\Java\jdk1.8.0_74\jre\bin\java.dll
0x0000000050820000 - 0x0000000050836000 	C:\Program Files\Java\jdk1.8.0_74\jre\bin\zip.dll
0x00007ffdf1950000 - 0x00007ffdf2e58000 	C:\WINDOWS\System32\SHELL32.dll
0x00007ffdef610000 - 0x00007ffdefcea000 	C:\WINDOWS\System32\windows.storage.dll
0x00007ffdef5a0000 - 0x00007ffdef5ec000 	C:\WINDOWS\System32\powrprof.dll
0x00007ffdf0c90000 - 0x00007ffdf0ce2000 	C:\WINDOWS\System32\shlwapi.dll
0x00007ffdef600000 - 0x00007ffdef60f000 	C:\WINDOWS\System32\kernel.appcore.dll
0x00007ffdf0230000 - 0x00007ffdf02d9000 	C:\WINDOWS\System32\shcore.dll
0x00007ffdef580000 - 0x00007ffdef594000 	C:\WINDOWS\System32\profapi.dll

VM Arguments:
jvm_args: -Djava.awt.headless=true -Xmx1024M -Dfile.encoding=windows-1252 -Duser.country=IN -Duser.language=en -Duser.variant 
java_command: com.android.dx.command.Main --dex --force-jumbo --num-threads=4 --multi-dex --output F:\AndroidStudioProjects\SelfieWithDaughter2\app\build\intermediates\transforms\dex\debug\folders\1000\5\slice_3 F:\AndroidStudioProjects\SelfieWithDaughter2\app\build\intermediates\transforms\instantRunSlicer\debug\folders\1\5\slice_3
java_class_path (initial): D:\Android\Sdk\build-tools\23.0.2\lib\dx.jar
Launcher Type: SUN_STANDARD

Environment Variables:
JAVA_HOME=C:\Program Files\Java\jdk1.8.0_74
PATH=C:\ProgramData\Oracle\Java\javapath;C:\WINDOWS\system32;C:\WINDOWS;C:\WINDOWS\System32\Wbem;C:\WINDOWS\System32\WindowsPowerShell\v1.0\;C:\Android;C:\Windows\System32;C:\Users\Chirag.chirag-lap\AppData\Local\Android\Sdk\platform-tools;C:\mysql-connector-java-3.1.14\mysql-connector-java-3.1.14-bin.jar;%CATALINA_HOME%\bin;C:\mysql\bin;D:\apache-maven-3.3.9\bin;C:\Users\Chirag.chirag-lap\AppData\Roaming\npm\;C:\Program Files\nodejs\;C:\Users\Chirag.chirag-lap\AppData\Local\Microsoft\WindowsApps;D:\apache-maven-3.3.9-bin\apache-maven-3.3.9\bin;D:\apache-tomcat-7.0.75\bin;C:\Users\Chirag.chirag-lap\AppData\Roaming\npm
USERNAME=Chirag
OS=Windows_NT
PROCESSOR_IDENTIFIER=Intel64 Family 6 Model 69 Stepping 1, GenuineIntel



---------------  S Y S T E M  ---------------

OS: Windows 10.0 , 64 bit Build 14393 (10.0.14393.1198)

CPU:total 4 (2 cores per cpu, 2 threads per core) family 6 model 69 stepping 1, cmov, cx8, fxsr, mmx, sse, sse2, sse3, ssse3, sse4.1, sse4.2, popcnt, avx, avx2, aes, clmul, erms, lzcnt, ht, tsc, tscinvbit, bmi1, bmi2

Memory: 4k page, physical 8323372k(1433188k free), swap 8323372k(6604k free)

vm_info: Java HotSpot(TM) 64-Bit Server VM (25.74-b02) for windows-amd64 JRE (1.8.0_74-b02), built on Jan 29 2016 17:42:36 by "java_re" with MS VC++ 10.0 (VS2010)

time: Sun Jun 04 16:27:00 2017
elapsed time: 17 seconds (0d 0h 0m 17s)

